<?xml version="1.0" encoding="UTF-8"?>
<testsuite xmlns:xsi="http://www.w3.org/2001/XMLSchema-instance" xsi:schemaLocation="https://maven.apache.org/surefire/maven-surefire-plugin/xsd/surefire-test-report.xsd" name="TestSuite" time="48.458" tests="4" errors="0" skipped="0" failures="4">
  <properties>
[...]
</properties>
  <testcase name="filterValidProject" classname="pmtool.chrome.project.ProjectListFilterValidTest" time="17.786">
    <failure message="Element not found {By.xpath: .//*[@id=&apos;ProjectsGridContainer&apos;]/table/tbody}&#10;Expected: exist" type="com.codeborne.selenide.ex.ElementNotFound">com.codeborne.selenide.ex.ElementNotFound: 
Element not found {By.xpath: .//*[@id='ProjectsGridContainer']/table/tbody}
Expected: exist
	at pmtool.chrome.project.ProjectListFilterValidTest.filterValidProject(ProjectListFilterValidTest.java:27)
Caused by: org.openqa.selenium.NoSuchElementException: 
Unable to locate element: {"method":"xpath","selector":".//*[@id='ProjectsGridContainer']/table/tbody"}
Command duration or timeout: 14 milliseconds
For documentation on this error, please visit: http://seleniumhq.org/exceptions/no_such_element.html
Build info: version: '2.53.1', revision: 'a36b8b1cd5757287168e54b817830adce9b0158d', time: '2016-06-30 19:26:09'
System info: host: 'PC-005-WS', ip: '192.168.2.17', os.name: 'Windows 8.1', os.arch: 'amd64', os.version: '6.3', java.version: '1.8.0_73'
Driver info: org.openqa.selenium.firefox.FirefoxDriver
Capabilities [{applicationCacheEnabled=true, rotatable=false, handlesAlerts=true, databaseEnabled=true, version=47.0.1, platform=WINDOWS, nativeEvents=false, acceptSslCerts=true, webStorageEnabled=true, locationContextEnabled=true, browserName=firefox, takesScreenshot=true, javascriptEnabled=true, cssSelectorsEnabled=true}]
Session ID: 5f148da5-ea71-49b9-8581-9b1869e1e706
*** Element info: {Using=xpath, value=.//*[@id='ProjectsGridContainer']/table/tbody}
	at pmtool.chrome.project.ProjectListFilterValidTest.filterValidProject(ProjectListFilterValidTest.java:27)
Caused by: org.openqa.selenium.NoSuchElementException: 
Unable to locate element: {"method":"xpath","selector":".//*[@id='ProjectsGridContainer']/table/tbody"}
For documentation on this error, please visit: http://seleniumhq.org/exceptions/no_such_element.html
Build info: version: '2.53.1', revision: 'a36b8b1cd5757287168e54b817830adce9b0158d', time: '2016-06-30 19:26:09'
System info: host: 'PC-005-WS', ip: '192.168.2.17', os.name: 'Windows 8.1', os.arch: 'amd64', os.version: '6.3', java.version: '1.8.0_73'
Driver info: driver.version: unknown
</failure>
    <system-err><![CDATA[сен 09, 2016 9:18:18 AM com.codeborne.selenide.impl.WebDriverThreadLocalContainer getWebDriver
INFO: No webdriver is bound to current thread: 1 - let's create new webdriver
сен 09, 2016 9:18:27 AM com.codeborne.selenide.impl.WebDriverThreadLocalContainer createDriver
INFO: Create webdriver in current thread 1: firefox -> FirefoxDriver: firefox on WINDOWS (5f148da5-ea71-49b9-8581-9b1869e1e706)
]]></system-err>
  </testcase>
  <testcase name="filterValidProject" classname="pmtool.chrome.project.ProjectListFilterValidTest" time="5.428">
    <failure message="Element not found {By.xpath: .//*[@placeholder=&apos;Login&apos;]}&#10;Expected: exist" type="com.codeborne.selenide.ex.ElementNotFound">com.codeborne.selenide.ex.ElementNotFound: 
Element not found {By.xpath: .//*[@placeholder='Login']}
Expected: exist
	at pmtool.chrome.project.ProjectListFilterValidTest.filterValidProject(ProjectListFilterValidTest.java:25)
Caused by: org.openqa.selenium.NoSuchElementException: 
Unable to locate element: {"method":"xpath","selector":".//*[@placeholder='Login']"}
Command duration or timeout: 70 milliseconds
For documentation on this error, please visit: http://seleniumhq.org/exceptions/no_such_element.html
Build info: version: '2.53.1', revision: 'a36b8b1cd5757287168e54b817830adce9b0158d', time: '2016-06-30 19:26:09'
System info: host: 'PC-005-WS', ip: '192.168.2.17', os.name: 'Windows 8.1', os.arch: 'amd64', os.version: '6.3', java.version: '1.8.0_73'
Driver info: org.openqa.selenium.firefox.FirefoxDriver
Capabilities [{applicationCacheEnabled=true, rotatable=false, handlesAlerts=true, databaseEnabled=true, version=47.0.1, platform=WINDOWS, nativeEvents=false, acceptSslCerts=true, webStorageEnabled=true, locationContextEnabled=true, browserName=firefox, takesScreenshot=true, javascriptEnabled=true, cssSelectorsEnabled=true}]
Session ID: 5f148da5-ea71-49b9-8581-9b1869e1e706
*** Element info: {Using=xpath, value=.//*[@placeholder='Login']}
	at pmtool.chrome.project.ProjectListFilterValidTest.filterValidProject(ProjectListFilterValidTest.java:25)
Caused by: org.openqa.selenium.NoSuchElementException: 
Unable to locate element: {"method":"xpath","selector":".//*[@placeholder='Login']"}
For documentation on this error, please visit: http://seleniumhq.org/exceptions/no_such_element.html
Build info: version: '2.53.1', revision: 'a36b8b1cd5757287168e54b817830adce9b0158d', time: '2016-06-30 19:26:09'
System info: host: 'PC-005-WS', ip: '192.168.2.17', os.name: 'Windows 8.1', os.arch: 'amd64', os.version: '6.3', java.version: '1.8.0_73'
Driver info: driver.version: unknown
</failure>
    <system-err><![CDATA[сен 09, 2016 9:18:45 AM com.codeborne.selenide.impl.Navigator collectJavascriptErrors
SEVERE: org.openqa.selenium.UnhandledAlertException: Unexpected modal dialog (text: error
): error

Build info: version: '2.53.1', revision: 'a36b8b1cd5757287168e54b817830adce9b0158d', time: '2016-06-30 19:26:09'
System info: host: 'PC-005-WS', ip: '192.168.2.17', os.name: 'Windows 8.1', os.arch: 'amd64', os.version: '6.3', java.version: '1.8.0_73'
Driver info: org.openqa.selenium.firefox.FirefoxDriver
Capabilities [{applicationCacheEnabled=true, rotatable=false, handlesAlerts=true, databaseEnabled=true, version=47.0.1, platform=WINDOWS, nativeEvents=false, acceptSslCerts=true, webStorageEnabled=true, locationContextEnabled=true, browserName=firefox, takesScreenshot=true, javascriptEnabled=true, cssSelectorsEnabled=true}]
Session ID: 5f148da5-ea71-49b9-8581-9b1869e1e706
]]></system-err>
  </testcase>
  <testcase name="filterValidProject" classname="pmtool.chrome.project.ProjectListFilterValidTest" time="7.787">
    <failure message="Element not found {By.xpath: .//*[@placeholder=&apos;Login&apos;]}&#10;Expected: exist" type="com.codeborne.selenide.ex.ElementNotFound">com.codeborne.selenide.ex.ElementNotFound: 
Element not found {By.xpath: .//*[@placeholder='Login']}
Expected: exist
	at pmtool.chrome.project.ProjectListFilterValidTest.filterValidProject(ProjectListFilterValidTest.java:25)
Caused by: org.openqa.selenium.NoSuchElementException: 
Unable to locate element: {"method":"xpath","selector":".//*[@placeholder='Login']"}
Command duration or timeout: 33 milliseconds
For documentation on this error, please visit: http://seleniumhq.org/exceptions/no_such_element.html
Build info: version: '2.53.1', revision: 'a36b8b1cd5757287168e54b817830adce9b0158d', time: '2016-06-30 19:26:09'
System info: host: 'PC-005-WS', ip: '192.168.2.17', os.name: 'Windows 8.1', os.arch: 'amd64', os.version: '6.3', java.version: '1.8.0_73'
Driver info: org.openqa.selenium.firefox.FirefoxDriver
Capabilities [{applicationCacheEnabled=true, rotatable=false, handlesAlerts=true, databaseEnabled=true, version=47.0.1, platform=WINDOWS, nativeEvents=false, acceptSslCerts=true, webStorageEnabled=true, locationContextEnabled=true, browserName=firefox, takesScreenshot=true, javascriptEnabled=true, cssSelectorsEnabled=true}]
Session ID: 5f148da5-ea71-49b9-8581-9b1869e1e706
*** Element info: {Using=xpath, value=.//*[@placeholder='Login']}
	at pmtool.chrome.project.ProjectListFilterValidTest.filterValidProject(ProjectListFilterValidTest.java:25)
Caused by: org.openqa.selenium.NoSuchElementException: 
Unable to locate element: {"method":"xpath","selector":".//*[@placeholder='Login']"}
For documentation on this error, please visit: http://seleniumhq.org/exceptions/no_such_element.html
Build info: version: '2.53.1', revision: 'a36b8b1cd5757287168e54b817830adce9b0158d', time: '2016-06-30 19:26:09'
System info: host: 'PC-005-WS', ip: '192.168.2.17', os.name: 'Windows 8.1', os.arch: 'amd64', os.version: '6.3', java.version: '1.8.0_73'
Driver info: driver.version: unknown
</failure>
  </testcase>
  <testcase name="filterValidProject" classname="pmtool.chrome.project.ProjectListFilterValidTest" time="7.451">
    <failure message="Element not found {By.xpath: .//*[@placeholder=&apos;Login&apos;]}&#10;Expected: exist" type="com.codeborne.selenide.ex.ElementNotFound">com.codeborne.selenide.ex.ElementNotFound: 
Element not found {By.xpath: .//*[@placeholder='Login']}
Expected: exist
	at pmtool.chrome.project.ProjectListFilterValidTest.filterValidProject(ProjectListFilterValidTest.java:25)
Caused by: org.openqa.selenium.NoSuchElementException: 
Unable to locate element: {"method":"xpath","selector":".//*[@placeholder='Login']"}
Command duration or timeout: 32 milliseconds
For documentation on this error, please visit: http://seleniumhq.org/exceptions/no_such_element.html
Build info: version: '2.53.1', revision: 'a36b8b1cd5757287168e54b817830adce9b0158d', time: '2016-06-30 19:26:09'
System info: host: 'PC-005-WS', ip: '192.168.2.17', os.name: 'Windows 8.1', os.arch: 'amd64', os.version: '6.3', java.version: '1.8.0_73'
Driver info: org.openqa.selenium.firefox.FirefoxDriver
Capabilities [{applicationCacheEnabled=true, rotatable=false, handlesAlerts=true, databaseEnabled=true, version=47.0.1, platform=WINDOWS, nativeEvents=false, acceptSslCerts=true, webStorageEnabled=true, locationContextEnabled=true, browserName=firefox, takesScreenshot=true, javascriptEnabled=true, cssSelectorsEnabled=true}]
Session ID: 5f148da5-ea71-49b9-8581-9b1869e1e706
*** Element info: {Using=xpath, value=.//*[@placeholder='Login']}
	at pmtool.chrome.project.ProjectListFilterValidTest.filterValidProject(ProjectListFilterValidTest.java:25)
Caused by: org.openqa.selenium.NoSuchElementException: 
Unable to locate element: {"method":"xpath","selector":".//*[@placeholder='Login']"}
For documentation on this error, please visit: http://seleniumhq.org/exceptions/no_such_element.html
Build info: version: '2.53.1', revision: 'a36b8b1cd5757287168e54b817830adce9b0158d', time: '2016-06-30 19:26:09'
System info: host: 'PC-005-WS', ip: '192.168.2.17', os.name: 'Windows 8.1', os.arch: 'amd64', os.version: '6.3', java.version: '1.8.0_73'
Driver info: driver.version: unknown
</failure>
  </testcase>
</testsuite>